18:25:22.070 [TestNG-tests-2] INFO  testCases.TC001_AccountRegistrationTest - ***Start TC001_AccountRegistrationTest *** 
18:25:23.012 [TestNG-tests-1] INFO  testCases.TC001_AccountRegistrationTest - ***Start TC001_AccountRegistrationTest *** 
18:28:33.220 [main] DEBUG org.testng.TestNG - suiteXmlPath: "C:\Users\user\eclipse-workspace\MyJavaWork\OpenCartV007\SerialBrowsingTest.xml"
18:28:33.872 [main] INFO  org.testng.internal.Utils - [TestNG] Running:
  C:\Users\user\eclipse-workspace\MyJavaWork\OpenCartV007\SerialBrowsingTest.xml

18:28:34.523 [TestNG-tests-2] INFO  testCases.TC001_AccountRegistrationTest - ***Start TC001_AccountRegistrationTest *** 
18:29:39.079 [TestNG-tests-1] INFO  testCases.TC001_AccountRegistrationTest - ***Start TC001_AccountRegistrationTest *** 
18:29:44.811 [TestNG-tests-1] INFO  testCases.TC001_AccountRegistrationTest - Clicked on Reg link..
18:29:45.035 [TestNG-tests-1] INFO  testCases.TC001_AccountRegistrationTest - Providing customer details..
18:29:56.076 [TestNG-tests-1] INFO  testCases.TC001_AccountRegistrationTest - Validating expected message..
18:29:56.838 [TestNG-tests-1] INFO  testCases.TC001_AccountRegistrationTest - *** Finished TC001_AccountRegistrationTest****
18:30:55.993 [main] DEBUG org.testng.TestNG - suiteXmlPath: "C:\Users\user\eclipse-workspace\MyJavaWork\OpenCartV007\Master.xml"
18:30:56.534 [main] INFO  org.testng.internal.Utils - [TestNG] Running:
  C:\Users\user\eclipse-workspace\MyJavaWork\OpenCartV007\Master.xml

10:52:00.591 [main] DEBUG org.testng.TestNG - suiteXmlPath: "C:\Users\user\eclipse-workspace\MyJavaWork\OpenCartV007\Master.xml"
10:53:23.205 [main] INFO  testCases.TC001_AccountRegistrationTest - ***Start TC001_AccountRegistrationTest *** 
10:53:29.460 [main] INFO  testCases.TC001_AccountRegistrationTest - Clicked on Reg link..
10:53:29.477 [main] INFO  testCases.TC001_AccountRegistrationTest - Providing customer details..
10:53:36.125 [main] INFO  testCases.TC001_AccountRegistrationTest - Validating expected message..
10:53:36.593 [main] INFO  testCases.TC001_AccountRegistrationTest - *** Finished TC001_AccountRegistrationTest****
10:54:00.493 [main] INFO  testCases.TC002_LoginTest - ****Starting TC002_LoginTest**** 
10:54:02.878 [main] INFO  testCases.TC002_LoginTest - ****Finished TC002_LoginTest**** 
11:40:03.499 [main] DEBUG org.testng.TestNG - suiteXmlPath: "C:\Users\user\eclipse-workspace\MyJavaWork\OpenCartV007\Master.xml"
11:41:08.841 [main] INFO  testCases.TC001_AccountRegistrationTest - ***Start TC001_AccountRegistrationTest *** 
11:41:15.957 [main] INFO  testCases.TC001_AccountRegistrationTest - Clicked on Reg link..
11:41:15.993 [main] INFO  testCases.TC001_AccountRegistrationTest - Providing customer details..
11:41:20.442 [main] INFO  testCases.TC001_AccountRegistrationTest - Validating expected message..
11:41:20.835 [main] INFO  testCases.TC001_AccountRegistrationTest - *** Finished TC001_AccountRegistrationTest****
11:41:52.389 [main] INFO  testCases.TC002_LoginTest - ****Starting TC002_LoginTest**** 
11:41:58.171 [main] INFO  testCases.TC002_LoginTest - ****Finished TC002_LoginTest**** 
