12:23:37.769 [main] INFO  testCases.TC001_AccountRegistrationTest - Validating expected message..
12:23:38.377 [main] INFO  testCases.TC001_AccountRegistrationTest - *** Finished TC001_AccountRegistrationTest****
12:24:06.701 [main] INFO  testCases.TC002_LoginTest - ****Starting TC002_LoginTest**** 
12:24:08.714 [main] INFO  testCases.TC002_LoginTest - ****Finished TC002_LoginTest**** 
20:05:55.413 [main] DEBUG org.testng.TestNG - suiteXmlPath: "C:\Users\user\eclipse-workspace\MyJavaWork\OpenCartV007\Master.xml"
20:07:27.530 [main] INFO  testCases.TC001_AccountRegistrationTest - ***Start TC001_AccountRegistrationTest *** 
20:07:35.598 [main] INFO  testCases.TC001_AccountRegistrationTest - Clicked on Reg link..
20:07:35.694 [main] INFO  testCases.TC001_AccountRegistrationTest - Providing customer details..
20:07:43.764 [main] INFO  testCases.TC001_AccountRegistrationTest - Validating expected message..
20:07:44.611 [main] INFO  testCases.TC001_AccountRegistrationTest - *** Finished TC001_AccountRegistrationTest****
20:08:25.495 [main] INFO  testCases.TC002_LoginTest - ****Starting TC002_LoginTest**** 
20:08:35.395 [main] INFO  testCases.TC002_LoginTest - ****Finished TC002_LoginTest**** 
10:55:02.892 [main] DEBUG org.testng.TestNG - suiteXmlPath: "C:\Users\user\eclipse-workspace\MyJavaWork\OpenCartV007\Grouping.xml"
10:55:03.709 [main] INFO  org.testng.internal.Utils - [TestNG] Running:
  C:\Users\user\eclipse-workspace\MyJavaWork\OpenCartV007\Grouping.xml

10:56:10.605 [main] INFO  testCases.TC001_AccountRegistrationTest - ***Start TC001_AccountRegistrationTest *** 
10:56:20.582 [main] INFO  testCases.TC001_AccountRegistrationTest - Clicked on Reg link..
10:56:21.553 [main] INFO  testCases.TC001_AccountRegistrationTest - Providing customer details..
10:56:30.518 [main] INFO  testCases.TC001_AccountRegistrationTest - Validating expected message..
10:56:30.892 [main] INFO  testCases.TC001_AccountRegistrationTest - *** Finished TC001_AccountRegistrationTest****
10:59:52.500 [main] DEBUG org.testng.TestNG - suiteXmlPath: "C:\Users\user\eclipse-workspace\MyJavaWork\OpenCartV007\Grouping.xml"
10:59:53.130 [main] INFO  org.testng.internal.Utils - [TestNG] Running:
  C:\Users\user\eclipse-workspace\MyJavaWork\OpenCartV007\Grouping.xml

11:00:22.774 [main] INFO  testCases.TC001_AccountRegistrationTest - ***Start TC001_AccountRegistrationTest *** 
11:00:27.552 [main] INFO  testCases.TC001_AccountRegistrationTest - Clicked on Reg link..
11:00:27.570 [main] INFO  testCases.TC001_AccountRegistrationTest - Providing customer details..
11:00:31.151 [main] INFO  testCases.TC001_AccountRegistrationTest - Validating expected message..
11:00:31.705 [main] INFO  testCases.TC001_AccountRegistrationTest - *** Finished TC001_AccountRegistrationTest****
11:00:54.505 [main] INFO  testCases.TC002_LoginTest - ****Starting TC002_LoginTest**** 
11:01:02.175 [main] INFO  testCases.TC002_LoginTest - ****Finished TC002_LoginTest**** 
18:12:53.804 [main] DEBUG org.testng.TestNG - suiteXmlPath: "C:\Users\user\eclipse-workspace\MyJavaWork\OpenCartV007\Master.xml"
18:12:55.047 [main] INFO  org.testng.internal.Utils - [TestNG] Running:
  C:\Users\user\eclipse-workspace\MyJavaWork\OpenCartV007\Master.xml

18:14:35.218 [main] INFO  testCases.TC001_AccountRegistrationTest - ***Start TC001_AccountRegistrationTest *** 
18:14:48.813 [main] INFO  testCases.TC001_AccountRegistrationTest - Clicked on Reg link..
18:14:50.416 [main] INFO  testCases.TC001_AccountRegistrationTest - Providing customer details..
18:14:59.030 [main] INFO  testCases.TC001_AccountRegistrationTest - Validating expected message..
18:15:00.188 [main] INFO  testCases.TC001_AccountRegistrationTest - *** Finished TC001_AccountRegistrationTest****
18:15:41.677 [main] INFO  testCases.TC002_LoginTest - ****Starting TC002_LoginTest**** 
18:15:54.082 [main] INFO  testCases.TC002_LoginTest - ****Finished TC002_LoginTest**** 
18:20:12.443 [main] DEBUG org.testng.TestNG - suiteXmlPath: "C:\Users\user\eclipse-workspace\MyJavaWork\OpenCartV007\Grid_Docker.xml"
18:20:15.018 [main] INFO  org.testng.internal.Utils - [TestNG] Running:
  C:\Users\user\eclipse-workspace\MyJavaWork\OpenCartV007\Grid_Docker.xml

18:20:15.905 [main] INFO  testCases.TC001_AccountRegistrationTest - ***Start TC001_AccountRegistrationTest *** 
18:22:23.622 [main] DEBUG org.testng.TestNG - suiteXmlPath: "C:\Users\user\eclipse-workspace\MyJavaWork\OpenCartV007\Grid_Docker.xml"
18:22:24.327 [main] INFO  org.testng.internal.Utils - [TestNG] Running:
  C:\Users\user\eclipse-workspace\MyJavaWork\OpenCartV007\Grid_Docker.xml

18:22:25.032 [main] INFO  testCases.TC001_AccountRegistrationTest - ***Start TC001_AccountRegistrationTest *** 
18:23:14.820 [main] DEBUG org.testng.TestNG - suiteXmlPath: "C:\Users\user\eclipse-workspace\MyJavaWork\OpenCartV007\SerialBrowsingTest.xml"
18:23:15.494 [main] INFO  org.testng.internal.Utils - [TestNG] Running:
  C:\Users\user\eclipse-workspace\MyJavaWork\OpenCartV007\SerialBrowsingTest.xml

